2025-04-04 07:07:07.823128 - Received CBT.V508.FILE274.PDS from FILE274.XMI 
2025-04-04 07:07:07.824425 - Found $$$#DATE.txt (text/plain) in CBT.V508.FILE274.PDS, moved to PDS/$$$#DATE
2025-04-04 07:07:07.824581 - Found ##V4R1M1.bin (application/octet-stream) in CBT.V508.FILE274.PDS, moved to PDS/##V4R1M1
2025-04-04 07:07:07.824719 - Found #CPYRITE.bin (application/octet-stream) in CBT.V508.FILE274.PDS, moved to PDS/#CPYRITE
2025-04-04 07:07:07.824866 - Found #DISTRIB.bin (application/octet-stream) in CBT.V508.FILE274.PDS, moved to PDS/#DISTRIB
2025-04-04 07:07:07.824997 - Found #FEATURE.bin (application/octet-stream) in CBT.V508.FILE274.PDS, moved to PDS/#FEATURE
2025-04-04 07:07:07.825130 - Found #INSTALL.bin (application/octet-stream) in CBT.V508.FILE274.PDS, moved to PDS/#INSTALL
2025-04-04 07:07:07.825254 - Found #USERGDE.txt (text/plain) in CBT.V508.FILE274.PDS, moved to PDS/#USERGDE
2025-04-04 07:07:07.825370 - Found #YSP411.txt (text/plain) in CBT.V508.FILE274.PDS, moved to PDS/#YSP411
2025-04-04 07:07:07.825483 - Found #YTEMP1.txt (text/plain) in CBT.V508.FILE274.PDS, moved to PDS/#YTEMP1
2025-04-04 07:07:07.825593 - Found #YVP001.bin (application/octet-stream) in CBT.V508.FILE274.PDS, moved to PDS/#YVP001
2025-04-04 07:07:07.825703 - Found #YVP002.bin (application/octet-stream) in CBT.V508.FILE274.PDS, moved to PDS/#YVP002
2025-04-04 07:07:07.825813 - Found @FILE274.txt (text/plain) in CBT.V508.FILE274.PDS, moved to PDS/@FILE274
2025-04-04 07:07:07.825925 - Found IEFCNDSN.txt (text/plain) in CBT.V508.FILE274.PDS, moved to PDS/IEFCNDSN
2025-04-04 07:07:07.826047 - Found IEFCNFSA.txt (text/plain) in CBT.V508.FILE274.PDS, moved to PDS/IEFCNFSA
2025-04-04 07:07:07.826180 - Found IEFCNMSG.txt (text/plain) in CBT.V508.FILE274.PDS, moved to PDS/IEFCNMSG
2025-04-04 07:07:07.826330 - Found IEFCNOPT.txt (text/plain) in CBT.V508.FILE274.PDS, moved to PDS/IEFCNOPT
2025-04-04 07:07:07.826460 - Found IEFCNPPW.txt (text/plain) in CBT.V508.FILE274.PDS, moved to PDS/IEFCNPPW
2025-04-04 07:07:07.826576 - Found IEFCNTRC.txt (text/plain) in CBT.V508.FILE274.PDS, moved to PDS/IEFCNTRC
2025-04-04 07:07:07.826695 - Found IEFCNVJI.txt (text/plain) in CBT.V508.FILE274.PDS, moved to PDS/IEFCNVJI
2025-04-04 07:07:07.826812 - Found IEFCNVJX.txt (text/plain) in CBT.V508.FILE274.PDS, moved to PDS/IEFCNVJX
2025-04-04 07:07:07.826968 - Found IEFCNVLS.txt (text/plain) in CBT.V508.FILE274.PDS, moved to PDS/IEFCNVLS
2025-04-04 07:07:07.827098 - Found IEFCNVOP.txt (text/plain) in CBT.V508.FILE274.PDS, moved to PDS/IEFCNVOP
2025-04-04 07:07:07.827837 - Found IEFCNVPP.txt (text/plain) in CBT.V508.FILE274.PDS, moved to PDS/IEFCNVPP
2025-04-04 07:07:07.827950 - Found IEFCNVSI.txt (text/plain) in CBT.V508.FILE274.PDS, moved to PDS/IEFCNVSI
2025-04-04 07:07:07.828062 - Found IEFCNVSX.txt (text/plain) in CBT.V508.FILE274.PDS, moved to PDS/IEFCNVSX
2025-04-04 07:07:07.828172 - Found IEFCNVTI.txt (text/plain) in CBT.V508.FILE274.PDS, moved to PDS/IEFCNVTI
2025-04-04 07:07:07.828288 - Found IEFCNVTX.txt (text/plain) in CBT.V508.FILE274.PDS, moved to PDS/IEFCNVTX
2025-04-04 07:07:07.828414 - Found VPP4411.bin (application/octet-stream) in CBT.V508.FILE274.PDS, moved to PDS/VPP4411
